***Starting server on port 37849 ***
Loading net-file from 'maps/luxembourg/lust2.net.xml' ... done (35ms).
Loading additional-files from 'maps/luxembourg/vtypes.add.xml' ... done (0ms).
Loading done.
Simulation started with time: 0.00
Warning: Route file should be sorted by departure time, ignoring 'vehicle_2.86'!
Simulation ended at time: 592.00
Performance: 
 Duration: 290.22s
 Real time factor: 2.03987
 UPS: 339.655083
Vehicles: 
 Inserted: 412 (Loaded: 421)
 Running: 269
 Waiting: 1

DijkstraRouter answered 18 queries and explored 79.22 edges on average.
DijkstraRouter spent 0.00s answering queries (0.11ms on average).
DijkstraRouter answered 2 queries and explored 81.50 edges on average.
DijkstraRouter spent 0.00s answering queries (0.00ms on average).
DijkstraRouter answered 11 queries and explored 79.45 edges on average.
DijkstraRouter spent 0.00s answering queries (0.18ms on average).
